<?xml version="1.0" encoding="UTF-8"?>
<testsuite xmlns:xsi="http://www.w3.org/2001/XMLSchema-instance" xsi:noNamespaceSchemaLocation="https://maven.apache.org/surefire/maven-surefire-plugin/xsd/surefire-test-report.xsd" name="internship.test.RunTest" time="0.003" tests="1" errors="1" skipped="0" failures="0">
  <properties>
[...]
</properties>
  <testcase name="internship.test.RunTest" classname="internship.test.RunTest" time="0.002">
    <error message="@BeforeAll method &apos;public void internship.test.RunTest.before()&apos; must be static unless the test class is annotated with @TestInstance(Lifecycle.PER_CLASS)." type="org.junit.platform.commons.JUnitException">org.junit.platform.commons.JUnitException: @BeforeAll method 'public void internship.test.RunTest.before()' must be static unless the test class is annotated with @TestInstance(Lifecycle.PER_CLASS).
</error>
  </testcase>
</testsuite>